2017-04-23 20:25:14,145 [      0]   INFO -        #com.intellij.idea.Main - ------------------------------------------------------ IDE STARTED ------------------------------------------------------ 
2017-04-23 20:25:14,153 [      8]   INFO -        #com.intellij.idea.Main - IDE: IntelliJ IDEA (build #IU-171.4073.35, 07 Apr 2017 02:32) 
2017-04-23 20:25:14,153 [      8]   INFO -        #com.intellij.idea.Main - OS: Windows 7 (6.1, amd64) 
2017-04-23 20:25:14,153 [      8]   INFO -        #com.intellij.idea.Main - JRE: 1.8.0_112-release-736-b16 (JetBrains s.r.o) 
2017-04-23 20:25:14,153 [      8]   INFO -        #com.intellij.idea.Main - JVM: 25.112-b16 (OpenJDK 64-Bit Server VM) 
2017-04-23 20:25:14,156 [     11]   INFO -        #com.intellij.idea.Main - JVM Args: -Xms128m -Xmx750m -XX:ReservedCodeCacheSize=240m -XX:+UseConcMarkSweepGC -XX:SoftRefLRUPolicyMSPerMB=50 -ea -Dsun.io.useCanonCaches=false -Djava.net.preferIPv4Stack=true -XX:+HeapDumpOnOutOfMemoryError -XX:-OmitStackTraceInFastThrow -Djb.vmOptionsFile=D:\JetBrains\IntelliJ IDEA 2017.1.1\bin\idea64.exe.vmoptions -Xbootclasspath/a:D:\JetBrains\IntelliJ IDEA 2017.1.1\lib\boot.jar -Didea.jre.check=true -Didea.paths.selector=IntelliJIdea2017.1 -XX:ErrorFile=C:\Users\Administrator\java_error_in_idea_%p.log -XX:HeapDumpPath=C:\Users\Administrator\java_error_in_idea.hprof 
2017-04-23 20:25:14,156 [     11]   INFO -        #com.intellij.idea.Main - ext: D:\JetBrains\IntelliJ IDEA 2017.1.1\jre64\lib\ext: [access-bridge-64.jar, cldrdata.jar, dnsns.jar, jaccess.jar, jfxrt.jar, localedata.jar, meta-index, nashorn.jar, sunec.jar, sunjce_provider.jar, sunmscapi.jar, sunpkcs11.jar, zipfs.jar] 
2017-04-23 20:25:14,156 [     11]   INFO -        #com.intellij.idea.Main - JNU charset: GBK 
2017-04-23 20:25:14,189 [     44]   INFO -        #com.intellij.idea.Main - JNA library (64-bit) loaded in 32 ms 
2017-04-23 20:25:14,192 [     47]   INFO - penapi.util.io.win32.IdeaWin32 - Native filesystem for Windows is operational 
2017-04-23 20:25:14,193 [     48]   INFO -        #com.intellij.idea.Main - Using "FocusKiller" library to prevent focus stealing. 
2017-04-23 20:25:35,134 [  20989]   INFO - llij.ide.plugins.PluginManager - Cannot find optional descriptor plugin-intelliLang.xml 
2017-04-23 20:25:35,689 [  21544]   INFO - llij.ide.plugins.PluginManager - Plugin 'UI Designer' can't be loaded because: Plugin is disabled 
2017-04-23 20:25:35,700 [  21555]   INFO - llij.ide.plugins.PluginManager - Plugin 'Android Support' can't be loaded because: Plugin is disabled 
2017-04-23 20:25:36,081 [  21936]   INFO - llij.ide.plugins.PluginManager - 129 plugins initialized in 1939 ms 
2017-04-23 20:25:36,096 [  21951]   INFO - llij.ide.plugins.PluginManager - Loaded bundled plugins: ASP (0.1), Ant Support (1.0), Application Servers View (0.2.0), AspectJ Support (1.2), Bytecode Viewer (0.1), CFML Support (3.53), CSS Support (171.4073.35), CVS Integration (11), ClearCase Integration (2.0), Cloud Foundry integration (1.0), CloudBees integration (1.0), CoffeeScript (2.0), Copyright (8.1), Coverage (171.4073.35), Cucumber for Groovy (999.999), Cucumber for Java (999.999), DSM Analysis (1.0.0), Database Tools and SQL (1.0), Eclipse Integration (3.0), EditorConfig (171.4073.35), Emma (171.4073.35), Flash/Flex Support (171.4073.35), FreeMarker support (1.0), GWT Support (1.0), Geronimo Integration (1.0), Gherkin (999.999), Git Integration (8.1), GitHub (171.4073.35), GlassFish Integration (1.0), Google App Engine Integration (1.1.4), Gradle (171.4073.35), Grails (9.0), Groovy (9.0), Guice (8.0), HTML Tools (2.0), Haml (171.4073.35), Heroku integration (1.0), Hibernate Support (1.0), I18n for Java (171.4073.35), IDEA CORE (171.4073.35), IntelliLang (8.0), J2ME (1.0), JBA Cloud Config (171.4073.35), JBoss Arquillian Support (1.0), JBoss Drools Support (1.0), JBoss Integration (1.0), JBoss Seam Pageflow Support (1.0), JBoss Seam Pages Support (1.0), JBoss Seam Support (1.0), JBoss Support (1.0), JBoss jBPM (2.0.0), JSR45 Integration (1.0), JUnit (1.0), Java Bytecode Decompiler (171.4073.35), Java EE: Batch Applications (1.0), Java EE: Bean Validation Support (1.1), Java EE: Contexts and Dependency Injection (1.1), Java EE: EJB, JPA, Servlets (1.0), Java EE: JMS, JSON Processing, Concurrency, Transaction  (1.0), Java EE: Java Server Faces (2.2.X.), Java EE: RESTful Web Services (JAX-RS) (1.0), Java EE: Web Services (JAX-WS) (1.9), Java EE: WebSockets (1.0), Java Server Pages (JSP) Integration (1.0), JavaFX (1.0), JavaScript Debugger (1.0), JavaScript Intention Power Pack (0.9.4), JavaScript Support (1.0), Jetty Integration (1.0), Kotlin (1.1.1-release-IJ2017.1-1), Less support (171.4073.35), Markdown support (VERSION), Maven Integration (171.4073.35), Maven Integration Extension (171.4073.35), OpenShift integration (1.0), Osmorc (1.4.9), Perforce Integration (2.0), Persistence Frameworks Support (1.0), Playframework Support (1.0), Plugin DevKit (1.0), Properties Support (171.4073.35), QuirksMode (171.4073.35), REST Client (171.4073.35), Refactor-X (2.01), Remote Hosts Access (0.1), Resin Integration (8.1), SSH Remote Run (0.1), Sass support (171.4073.35), Settings Repository (171.4073.35), Spring AOP/@AspectJ (1.0), Spring Batch (1.0), Spring Boot (1.0), Spring Data (1.0), Spring Integration Patterns (1.0), Spring MVC (1.0), Spring OSGi (1.0), Spring Security (1.0), Spring Support (1.0), Spring Web Flow (1.0), Spring Web Services (1.0), Spring WebSocket (1.0), Spy-js (171.4073.35), Struts 1.x (2.0), Struts 2 (1.0), Stylus support (999.999), Subversion Integration (1.1), TFS Integration (999.999), Tapestry support (1.0), Task Management (1.0), Terminal (0.1), TestNG-J (8.0), Thymeleaf (1.0), Time Tracking (1.0), Tomcat and TomEE Integration (1.0), UML Support (1.0), Vaadin Support (1.0), Velocity support (1.0), W3C Validators (2.0), WebLogic Integration (1.0), WebSphere Integration (1.0), XPathView + XSLT Support (4), XSLT-Debugger (1.4), YAML (171.4073.35), ZKM-Unscramble (1.0), dmServer Support (0.9.5), hg4idea (10.0), tslint (171.4073.35) 
2017-04-23 20:25:36,096 [  21951]   INFO - llij.ide.plugins.PluginManager - Disabled plugins: Android Support (10.2.2.2), UI Designer (171.4073.35) 
2017-04-23 20:25:37,535 [  23390]   INFO - cloudConfig.CloudConfigManager - === Offline: (null) false === 
2017-04-23 20:25:37,600 [  23455]   INFO - ellij.vfs.persistent.FSRecords - Marking VFS as corrupted: 'C:\Users\Administrator\.IntelliJIdea2017.1\system\caches\names.dat' does not exist 
2017-04-23 20:25:37,604 [  23459]   INFO - ellij.util.io.PagedFileStorage - lower=100; upper=500; buffer=10; max=705 
2017-04-23 20:25:37,741 [  23596]   INFO - pl.local.NativeFileWatcherImpl - Starting file watcher: D:\JetBrains\IntelliJ IDEA 2017.1.1\bin\fsnotifier64.exe 
2017-04-23 20:25:37,772 [  23627]   INFO - pl.local.NativeFileWatcherImpl - Native file watcher is operational. 
2017-04-23 20:25:39,763 [  25618]   INFO - .history.utils.LocalHistoryLog - local history version mismatch (was: 0, expected: 6), rebuilding... 
2017-04-23 20:25:39,763 [  25618]   INFO - .history.utils.LocalHistoryLog - FS has been rebuild, rebuilding local history... 
2017-04-23 20:25:40,121 [  25976]   INFO - til.net.ssl.CertificateManager - Default SSL context initialized 
2017-04-23 20:25:40,182 [  26037]   INFO - rains.ide.BuiltInServerManager - built-in server started, port 63342 
2017-04-23 20:25:40,197 [  26052]   INFO - gs.impl.UpdateCheckerComponent - channel: release 
2017-04-23 20:25:40,847 [  26702]   INFO - il.indexing.FileBasedIndexImpl - Index exts enumerated:586 
2017-04-23 20:25:40,863 [  26718]   INFO - il.indexing.FileBasedIndexImpl - Index scheduled:15 
2017-04-23 20:25:41,430 [  27285]   INFO - tellij.psi.stubs.StubIndexImpl - All stub exts enumerated:559 
2017-04-23 20:25:41,431 [  27286]   INFO - tellij.psi.stubs.StubIndexImpl - stub exts update scheduled:0 
2017-04-23 20:25:41,670 [  27525]   INFO - j.ide.script.IdeStartupScripts - 0 startup script(s) found 
2017-04-23 20:25:42,285 [  28140]   INFO - plication.impl.ApplicationImpl - 93 application components initialized in 8150ms 
2017-04-23 20:25:42,327 [  28182]   INFO - .intellij.idea.IdeaApplication - App initialization took 131099 ms 
2017-04-23 20:25:44,887 [  30742]   INFO - ij.psi.stubs.StubUpdatingIndex - Following new file types will be indexed:kotlin_builtins,spring.factories,SWF,SCSS,CSS,ECMAScript 6,Sass,CLASS,Kotlin,Stylus,CoffeeScript,TypeScript JSX,Flow,JAVA,JSP,TypeScript,KJSM,Less,Groovy,ActionScript,SQL,HTML,XML,AspectJ,JavaScript,JSX Harmony,Literate CoffeeScript,FTL,Properties,CFML 
2017-04-23 20:25:45,822 [  31677]   INFO - .openapi.application.Preloader - Finished preloading com.intellij.openapi.actionSystem.impl.ActionPreloader@4fcad016 
2017-04-23 20:25:46,974 [  32829]   INFO - CompilerWorkspaceConfiguration - Available processors: 4 
2017-04-23 20:25:49,660 [  35515]   INFO - .openapi.application.Preloader - Finished preloading com.intellij.ide.ui.search.SearchableOptionPreloader@1fdf3fda 
2017-04-23 20:25:50,881 [  36736]   INFO - .openapi.application.Preloader - Finished preloading com.intellij.codeInsight.completion.CompletionPreloader@60169f47 
2017-04-23 20:25:51,022 [  36877]   INFO - ellij.project.impl.ProjectImpl - 161 project components initialized in 7051 ms 
2017-04-23 20:25:53,007 [  38862]   INFO - le.impl.ModuleManagerComponent - 22 module(s) loaded in 1984 ms 
2017-04-23 20:25:53,296 [  39151]   WARN - om.intellij.util.ProfilingUtil - Profiling agent is not enabled. Add -agentlib:yjpagent to idea.vmoptions if necessary to profile IDEA. 
2017-04-23 20:25:59,883 [  45738]   INFO - tartup.impl.StartupManagerImpl - OpenFilesActivity run in 4368 
2017-04-23 20:26:01,234 [  47089]   INFO - s.plugins.gradle.GradleManager - Instructing gradle to use java from C:/Program Files/Java/jdk1.8.0_45 
2017-04-23 20:26:01,249 [  47104]   INFO - riptDefsFromTemplatesProviders - [kts] loading script definitions [org.gradle.script.lang.kotlin.KotlinBuildScript] using cp: F:\MyTools\gradle-3.5\lib\gradle-core-3.5.jar;F:\MyTools\gradle-3.5\lib\gradle-script-kotlin-0.8.0.jar 
2017-04-23 20:26:01,266 [  47121]   INFO - riptDefsFromTemplatesProviders - [kts] loading script definitions [kotlin.script.templates.standard.ScriptTemplateWithArgs] using cp:  
2017-04-23 20:26:06,035 [  51890]   INFO - pl$FileIndexDataInitialization - Initialization done:25172 
2017-04-23 20:26:07,437 [  53292]   INFO - .diagnostic.PerformanceWatcher - Pushing properties took 1398ms; general responsiveness: ok; EDT responsiveness: ok 
2017-04-23 20:26:17,504 [  63359]   INFO - tartup.impl.StartupManagerImpl - JsbtStartupActivity run in 17400 
2017-04-23 20:26:18,467 [  64322]   INFO - tartup.impl.StartupManagerImpl - F:/zbcm_workspace/zb-server/.idea case-sensitivity: expected=false actual=false 
2017-04-23 20:26:20,608 [  66463]   INFO - tor.impl.FileEditorManagerImpl - Project opening took 37218 ms 
2017-04-23 20:26:29,317 [  75172]   INFO - exImpl$StubIndexInitialization - Initialization done:23283 
2017-04-23 20:26:45,039 [  90894]   INFO - .diagnostic.PerformanceWatcher - Indexable file iteration took 37599ms; general responsiveness: ok; EDT responsiveness: 3/37 sluggish, 3/37 very slow 
2017-04-23 20:26:45,083 [  90938]   INFO - indexing.UnindexedFilesUpdater - Unindexed files update started: 130935 files to update 
2017-04-23 20:30:04,596 [ 290451]   INFO - .diagnostic.PerformanceWatcher - Unindexed files update took 199513ms; general responsiveness: 11/193 sluggish, 2/193 very slow; EDT responsiveness: 3/194 sluggish, 5/194 very slow 
2017-04-23 20:45:39,360 [1225215]   INFO - pl.ProjectRootManagerComponent - project roots have changed 
2017-04-23 20:46:04,223 [1250078]   INFO - ij.psi.stubs.StubUpdatingIndex - Following new file types will be indexed:kotlin_builtins,spring.factories,SWF,SCSS,CSS,ECMAScript 6,Sass,CLASS,Kotlin,Stylus,CoffeeScript,TypeScript JSX,Flow,JAVA,JSP,TypeScript,KJSM,Less,Groovy,ActionScript,SQL,HTML,XML,AspectJ,JavaScript,JSX Harmony,Literate CoffeeScript,FTL,Properties,CFML 
2017-04-23 20:46:10,682 [1256537]   INFO - il.indexing.FileBasedIndexImpl - scheduleIndexRebuild, reason: File type change 
2017-04-23 20:46:10,695 [1256550]   INFO - pl.ProjectRootManagerComponent - project roots have changed 
2017-04-23 20:46:12,682 [1258537]   INFO - .diagnostic.PerformanceWatcher - Pushing properties took 310ms; general responsiveness: ok; EDT responsiveness: ok 
2017-04-23 20:46:20,470 [1266325]   INFO - .diagnostic.PerformanceWatcher - Indexable file iteration took 7787ms; general responsiveness: ok; EDT responsiveness: ok 
2017-04-23 20:46:20,524 [1266379]   INFO - indexing.UnindexedFilesUpdater - Unindexed files update started: 130933 files to update 
2017-04-23 20:46:33,656 [1279511]   INFO - ellij.project.impl.ProjectImpl - 22 project components initialized in 60 ms 
2017-04-23 20:46:34,371 [1280226]   INFO - stubs.SerializationManagerImpl - START StubSerializationManager SHUTDOWN 
2017-04-23 20:46:34,372 [1280227]   INFO - stubs.SerializationManagerImpl - END StubSerializationManager SHUTDOWN 
2017-04-23 20:46:34,375 [1280230]   INFO - org.jetbrains.io.BuiltInServer - web server stopped 
2017-04-23 20:46:34,386 [1280241]   INFO - Types.impl.FileTypeManagerImpl - FileTypeManager: 8507 auto-detected files
Elapsed time on auto-detect: 37138 ms 
2017-04-23 20:46:34,390 [1280245]   INFO - pl.local.NativeFileWatcherImpl - Watcher terminated with exit code 0 
2017-04-23 20:46:37,491 [1283346]   INFO - indexing.UnindexedFilesUpdater - Unindexed files update canceled 
2017-04-23 20:46:37,691 [1283546]   INFO - il.indexing.FileBasedIndexImpl - START INDEX SHUTDOWN 
2017-04-23 20:46:41,217 [1287072]   INFO - il.indexing.FileBasedIndexImpl - END INDEX SHUTDOWN 
2017-04-23 20:46:41,219 [1287074]   INFO - newvfs.persistent.PersistentFS - VFS dispose started 
2017-04-23 20:46:41,269 [1287124]   INFO - newvfs.persistent.PersistentFS - VFS dispose completed 
2017-04-23 20:46:41,272 [1287127]   INFO -   #com.intellij.util.Restarter - restart: [] 
2017-04-23 20:46:42,375 [1288230]   INFO -        #com.intellij.idea.Main - ------------------------------------------------------ IDE SHUTDOWN ------------------------------------------------------ 
2017-04-23 20:46:42,383 [1288238]   INFO - org.jetbrains.io.BuiltInServer - web server stopped 
2017-04-23 20:46:45,891 [      0]   INFO -        #com.intellij.idea.Main - ------------------------------------------------------ IDE STARTED ------------------------------------------------------ 
2017-04-23 20:46:45,937 [     46]   INFO -     #com.intellij.util.ui.JBUI - UI scale factor: 1.0 
2017-04-23 20:46:45,950 [     59]   INFO -        #com.intellij.idea.Main - IDE: IntelliJ IDEA (build #IU-171.4073.35, 07 Apr 2017 02:45) 
2017-04-23 20:46:45,950 [     59]   INFO -        #com.intellij.idea.Main - OS: Windows 7 (6.1, amd64) 
2017-04-23 20:46:45,950 [     59]   INFO -        #com.intellij.idea.Main - JRE: 1.8.0_112-release-736-b16 (JetBrains s.r.o) 
2017-04-23 20:46:45,950 [     59]   INFO -        #com.intellij.idea.Main - JVM: 25.112-b16 (OpenJDK 64-Bit Server VM) 
2017-04-23 20:46:45,952 [     61]   INFO -        #com.intellij.idea.Main - JVM Args: -Xms128m -Xmx750m -XX:ReservedCodeCacheSize=240m -XX:+UseConcMarkSweepGC -XX:SoftRefLRUPolicyMSPerMB=50 -ea -Dsun.io.useCanonCaches=false -Djava.net.preferIPv4Stack=true -XX:+HeapDumpOnOutOfMemoryError -XX:-OmitStackTraceInFastThrow -Djb.vmOptionsFile=D:\JetBrains\IntelliJ IDEA 2017.1.1\bin\idea64.exe.vmoptions -Xbootclasspath/a:D:\JetBrains\IntelliJ IDEA 2017.1.1\lib\boot.jar -Didea.jre.check=true -Didea.paths.selector=IntelliJIdea2017.1 -XX:ErrorFile=C:\Users\Administrator\java_error_in_idea_%p.log -XX:HeapDumpPath=C:\Users\Administrator\java_error_in_idea.hprof 
2017-04-23 20:46:45,953 [     62]   INFO -        #com.intellij.idea.Main - ext: D:\JetBrains\IntelliJ IDEA 2017.1.1\jre64\lib\ext: [access-bridge-64.jar, cldrdata.jar, dnsns.jar, jaccess.jar, jfxrt.jar, localedata.jar, meta-index, nashorn.jar, sunec.jar, sunjce_provider.jar, sunmscapi.jar, sunpkcs11.jar, zipfs.jar] 
2017-04-23 20:46:45,953 [     62]   INFO -        #com.intellij.idea.Main - JNU charset: GBK 
2017-04-23 20:46:45,989 [     98]   INFO -        #com.intellij.idea.Main - JNA library (64-bit) loaded in 36 ms 
2017-04-23 20:46:45,992 [    101]   INFO - penapi.util.io.win32.IdeaWin32 - Native filesystem for Windows is operational 
2017-04-23 20:46:45,994 [    103]   INFO -        #com.intellij.idea.Main - Using "FocusKiller" library to prevent focus stealing. 
2017-04-23 20:46:47,921 [   2030]   INFO - llij.ide.plugins.PluginManager - Cannot find optional descriptor plugin-intelliLang.xml 
2017-04-23 20:46:48,469 [   2578]   INFO - llij.ide.plugins.PluginManager - Plugin 'HTML Tools' can't be loaded because: Plugin is disabled 
2017-04-23 20:46:48,478 [   2587]   INFO - llij.ide.plugins.PluginManager - Plugin 'ZKM-Unscramble' can't be loaded because: Plugin is disabled 
2017-04-23 20:46:48,479 [   2588]   INFO - llij.ide.plugins.PluginManager - Plugin 'JBA Cloud Config' can't be loaded because: Plugin is disabled 
2017-04-23 20:46:48,481 [   2590]   INFO - llij.ide.plugins.PluginManager - Plugin 'W3C Validators' can't be loaded because: Plugin is disabled 
2017-04-23 20:46:48,483 [   2592]   INFO - llij.ide.plugins.PluginManager - Plugin 'Guice' can't be loaded because: Plugin is disabled 
2017-04-23 20:46:48,485 [   2594]   INFO - llij.ide.plugins.PluginManager - Plugin 'UI Designer' can't be loaded because: Plugin is disabled 
2017-04-23 20:46:48,487 [   2596]   INFO - llij.ide.plugins.PluginManager - Plugin 'Velocity support' can't be loaded because: Plugin is disabled 
2017-04-23 20:46:48,488 [   2597]   INFO - llij.ide.plugins.PluginManager - Plugin 'ASP' can't be loaded because: Plugin is disabled 
2017-04-23 20:46:48,489 [   2598]   INFO - llij.ide.plugins.PluginManager - Plugin 'hg4idea' can't be loaded because: Plugin is disabled 
2017-04-23 20:46:48,490 [   2599]   INFO - llij.ide.plugins.PluginManager - Plugin 'JavaScript Intention Power Pack' can't be loaded because: Plugin is disabled 
2017-04-23 20:46:48,492 [   2601]   INFO - llij.ide.plugins.PluginManager - Plugin 'CFML Support' can't be loaded because: Plugin is disabled 
2017-04-23 20:46:48,497 [   2606]   INFO - llij.ide.plugins.PluginManager - Plugin 'Flash/Flex Support' can't be loaded because: Plugin is disabled 
2017-04-23 20:46:48,503 [   2612]   INFO - llij.ide.plugins.PluginManager - Plugin 'GlassFish Integration' can't be loaded because: Plugin is disabled 
2017-04-23 20:46:48,504 [   2613]   INFO - llij.ide.plugins.PluginManager - Plugin 'Heroku integration' can't be loaded because: Plugin is disabled 
2017-04-23 20:46:48,506 [   2615]   INFO - llij.ide.plugins.PluginManager - Plugin 'JBoss Integration' can't be loaded because: Plugin is disabled 
2017-04-23 20:46:48,507 [   2616]   INFO - llij.ide.plugins.PluginManager - Plugin 'JavaScript Debugger' can't be loaded because: Plugin is disabled 
2017-04-23 20:46:48,510 [   2619]   INFO - llij.ide.plugins.PluginManager - Plugin 'CoffeeScript' can't be loaded because: Plugin is disabled 
2017-04-23 20:46:48,511 [   2620]   INFO - llij.ide.plugins.PluginManager - Plugin 'Geronimo Integration' can't be loaded because: Plugin is disabled 
2017-04-23 20:46:48,512 [   2621]   INFO - llij.ide.plugins.PluginManager - Plugin 'WebSphere Integration' can't be loaded because: Plugin is disabled 
2017-04-23 20:46:48,514 [   2623]   INFO - llij.ide.plugins.PluginManager - Plugin 'WebLogic Integration' can't be loaded because: Plugin is disabled 
2017-04-23 20:46:48,516 [   2625]   INFO - llij.ide.plugins.PluginManager - Plugin 'JBoss Support' can't be loaded because: Plugin is disabled 
2017-04-23 20:46:48,517 [   2626]   INFO - llij.ide.plugins.PluginManager - Plugin 'JBoss Drools Support' can't be loaded because: Plugin is disabled 
2017-04-23 20:46:48,518 [   2627]   INFO - llij.ide.plugins.PluginManager - Plugin 'JBoss Arquillian Support' can't be loaded because: Plugin is disabled 
2017-04-23 20:46:48,520 [   2629]   INFO - llij.ide.plugins.PluginManager - Plugin 'Struts 1.x' can't be loaded because: Plugin is disabled 
2017-04-23 20:46:48,521 [   2630]   INFO - llij.ide.plugins.PluginManager - Plugin 'JBoss Seam Support' can't be loaded because: Plugin is disabled 
2017-04-23 20:46:48,522 [   2631]   INFO - llij.ide.plugins.PluginManager - Plugin 'JBoss Seam Pageflow Support' can't be loaded because: Plugin is disabled 
2017-04-23 20:46:48,524 [   2633]   INFO - llij.ide.plugins.PluginManager - Plugin 'JBoss Seam Pages Support' can't be loaded because: Plugin is disabled 
2017-04-23 20:46:48,525 [   2634]   INFO - llij.ide.plugins.PluginManager - Plugin 'FreeMarker support' can't be loaded because: Plugin is disabled 
2017-04-23 20:46:48,526 [   2635]   INFO - llij.ide.plugins.PluginManager - Plugin 'Google App Engine Integration' can't be loaded because: Plugin is disabled 
2017-04-23 20:46:48,528 [   2637]   INFO - llij.ide.plugins.PluginManager - Plugin 'Struts 2' can't be loaded because: Plugin is disabled 
2017-04-23 20:46:48,529 [   2638]   INFO - llij.ide.plugins.PluginManager - Plugin 'Tapestry support' can't be loaded because: Plugin is disabled 
2017-04-23 20:46:48,531 [   2640]   INFO - llij.ide.plugins.PluginManager - Plugin 'Grails' can't be loaded because: Plugin is disabled 
2017-04-23 20:46:48,534 [   2643]   INFO - llij.ide.plugins.PluginManager - Plugin 'Android Support' can't be loaded because: Plugin is disabled 
2017-04-23 20:46:48,554 [   2663]   INFO - llij.ide.plugins.PluginManager - Plugin 'Kotlin' can't be loaded because: Plugin is disabled 
2017-04-23 20:46:48,561 [   2670]   INFO - llij.ide.plugins.PluginManager - Plugin 'Haml' can't be loaded because: Plugin is disabled 
2017-04-23 20:46:48,562 [   2671]   INFO - llij.ide.plugins.PluginManager - Plugin 'Stylus support' can't be loaded because: Plugin is disabled 
2017-04-23 20:46:48,563 [   2672]   INFO - llij.ide.plugins.PluginManager - Plugin 'YAML' can't be loaded because: Plugin is disabled 
2017-04-23 20:46:48,565 [   2674]   INFO - llij.ide.plugins.PluginManager - Plugin 'Spy-js' can't be loaded because: Plugin is disabled 
2017-04-23 20:46:48,885 [   2994]   INFO - llij.ide.plugins.PluginManager - 129 plugins initialized in 2038 ms 
2017-04-23 20:46:48,895 [   3004]   INFO - llij.ide.plugins.PluginManager - Loaded bundled plugins: Ant Support (1.0), Application Servers View (0.2.0), AspectJ Support (1.2), Bytecode Viewer (0.1), CSS Support (171.4073.35), CVS Integration (11), ClearCase Integration (2.0), Cloud Foundry integration (1.0), CloudBees integration (1.0), Copyright (8.1), Coverage (171.4073.35), Cucumber for Groovy (999.999), Cucumber for Java (999.999), DSM Analysis (1.0.0), Database Tools and SQL (1.0), Eclipse Integration (3.0), EditorConfig (171.4073.35), Emma (171.4073.35), GWT Support (1.0), Gherkin (999.999), Git Integration (8.1), GitHub (171.4073.35), Gradle (171.4073.35), Groovy (9.0), Hibernate Support (1.0), I18n for Java (171.4073.35), IDEA CORE (171.4073.35), IntelliLang (8.0), J2ME (1.0), JBoss jBPM (2.0.0), JSR45 Integration (1.0), JUnit (1.0), Java Bytecode Decompiler (171.4073.35), Java EE: Batch Applications (1.0), Java EE: Bean Validation Support (1.1), Java EE: Contexts and Dependency Injection (1.1), Java EE: EJB, JPA, Servlets (1.0), Java EE: JMS, JSON Processing, Concurrency, Transaction  (1.0), Java EE: Java Server Faces (2.2.X.), Java EE: RESTful Web Services (JAX-RS) (1.0), Java EE: Web Services (JAX-WS) (1.9), Java EE: WebSockets (1.0), Java Server Pages (JSP) Integration (1.0), JavaFX (1.0), JavaScript Support (1.0), Jetty Integration (1.0), Less support (171.4073.35), Markdown support (VERSION), Maven Integration (171.4073.35), Maven Integration Extension (171.4073.35), OpenShift integration (1.0), Osmorc (1.4.9), Perforce Integration (2.0), Persistence Frameworks Support (1.0), Playframework Support (1.0), Plugin DevKit (1.0), Properties Support (171.4073.35), QuirksMode (171.4073.35), REST Client (171.4073.35), Refactor-X (2.01), Remote Hosts Access (0.1), Resin Integration (8.1), SSH Remote Run (0.1), Sass support (171.4073.35), Settings Repository (171.4073.35), Spring AOP/@AspectJ (1.0), Spring Batch (1.0), Spring Boot (1.0), Spring Data (1.0), Spring Integration Patterns (1.0), Spring MVC (1.0), Spring OSGi (1.0), Spring Security (1.0), Spring Support (1.0), Spring Web Flow (1.0), Spring Web Services (1.0), Spring WebSocket (1.0), Subversion Integration (1.1), TFS Integration (999.999), Task Management (1.0), Terminal (0.1), TestNG-J (8.0), Thymeleaf (1.0), Time Tracking (1.0), Tomcat and TomEE Integration (1.0), UML Support (1.0), Vaadin Support (1.0), XPathView + XSLT Support (4), XSLT-Debugger (1.4), dmServer Support (0.9.5), tslint (171.4073.35) 
2017-04-23 20:46:48,896 [   3005]   INFO - llij.ide.plugins.PluginManager - Disabled plugins: ASP (0.1), Android Support (10.2.2.2), CFML Support (3.53), CoffeeScript (2.0), Flash/Flex Support (171.4073.35), FreeMarker support (1.0), Geronimo Integration (1.0), GlassFish Integration (1.0), Google App Engine Integration (1.1.4), Grails (9.0), Guice (8.0), HTML Tools (2.0), Haml (171.4073.35), Heroku integration (1.0), JBA Cloud Config (171.4073.35), JBoss Arquillian Support (1.0), JBoss Drools Support (1.0), JBoss Integration (1.0), JBoss Seam Pageflow Support (1.0), JBoss Seam Pages Support (1.0), JBoss Seam Support (1.0), JBoss Support (1.0), JavaScript Debugger (1.0), JavaScript Intention Power Pack (0.9.4), Kotlin (1.1.1-release-IJ2017.1-1), Spy-js (171.4073.35), Struts 1.x (2.0), Struts 2 (1.0), Stylus support (999.999), Tapestry support (1.0), UI Designer (171.4073.35), Velocity support (1.0), W3C Validators (2.0), WebLogic Integration (1.0), WebSphere Integration (1.0), YAML (171.4073.35), ZKM-Unscramble (1.0), hg4idea (10.0) 
2017-04-23 20:46:50,097 [   4206]   INFO - ellij.util.io.PagedFileStorage - lower=100; upper=500; buffer=10; max=705 
2017-04-23 20:46:50,131 [   4240]   INFO - tellij.util.io.storage.Storage - Space waste in C:\Users\Administrator\.IntelliJIdea2017.1\system\caches\attrib.dat is 4099705 bytes. Compacting now. 
2017-04-23 20:46:50,711 [   4820]   INFO - tellij.util.io.storage.Storage - Done compacting in 579msec. 
2017-04-23 20:46:50,772 [   4881]   INFO - pl.local.NativeFileWatcherImpl - Starting file watcher: D:\JetBrains\IntelliJ IDEA 2017.1.1\bin\fsnotifier64.exe 
2017-04-23 20:46:50,806 [   4915]   INFO - pl.local.NativeFileWatcherImpl - Native file watcher is operational. 
2017-04-23 20:46:52,622 [   6731]   INFO - til.net.ssl.CertificateManager - Default SSL context initialized 
2017-04-23 20:46:52,703 [   6812]   INFO - rains.ide.BuiltInServerManager - built-in server started, port 63342 
2017-04-23 20:46:52,725 [   6834]   INFO - gs.impl.UpdateCheckerComponent - channel: release 
2017-04-23 20:46:53,091 [   7200]   INFO - il.indexing.FileBasedIndexImpl - Index exts enumerated:276 
2017-04-23 20:46:53,100 [   7209]   INFO - il.indexing.FileBasedIndexImpl - Index scheduled:9 
2017-04-23 20:46:53,145 [   7254]   INFO - tellij.psi.stubs.StubIndexImpl - All stub exts enumerated:34 
2017-04-23 20:46:53,146 [   7255]   INFO - tellij.psi.stubs.StubIndexImpl - stub exts update scheduled:0 
2017-04-23 20:46:53,327 [   7436]   INFO - j.ide.script.IdeStartupScripts - 0 startup script(s) found 
2017-04-23 20:46:53,446 [   7555]   INFO - il.indexing.FileBasedIndexImpl - Version has changed for index TodoIndex. The index will be rebuilt. 
2017-04-23 20:46:53,808 [   7917]   INFO - plication.impl.ApplicationImpl - 89 application components initialized in 6968ms 
2017-04-23 20:46:53,844 [   7953]   INFO - .intellij.idea.IdeaApplication - App initialization took 9843 ms 
2017-04-23 20:46:53,961 [   8070]   INFO - il.indexing.FileBasedIndexImpl - Version has changed for index IdIndex. The index will be rebuilt. 
2017-04-23 20:46:54,326 [   8435]   INFO - il.indexing.FileBasedIndexImpl - Version has changed for index filetypes. The index will be rebuilt. 
2017-04-23 20:46:55,820 [   9929]   INFO - ij.psi.stubs.StubUpdatingIndex - requesting complete stub index rebuild due to changes: removed file types:kotlin_builtins,SWF,Kotlin,Stylus,CoffeeScript,KJSM,Literate CoffeeScript,FTL,CFML 
2017-04-23 20:46:55,821 [   9930]   INFO - il.indexing.FileBasedIndexImpl -  
java.io.IOException
	at com.intellij.psi.stubs.StubVersionMap.b(StubVersionMap.java:113)
	at com.intellij.psi.stubs.StubVersionMap.<init>(StubVersionMap.java:64)
	at com.intellij.psi.stubs.StubUpdatingIndex$MyIndex.<init>(StubUpdatingIndex.java:396)
	at com.intellij.psi.stubs.StubUpdatingIndex.createIndexImplementation(StubUpdatingIndex.java:337)
	at com.intellij.util.indexing.FileBasedIndexImpl.a(FileBasedIndexImpl.java:451)
	at com.intellij.util.indexing.FileBasedIndexImpl.a(FileBasedIndexImpl.java:383)
	at com.intellij.util.indexing.FileBasedIndexImpl.a(FileBasedIndexImpl.java:347)
	at com.intellij.util.indexing.FileBasedIndexImpl.access$4900(FileBasedIndexImpl.java:111)
	at com.intellij.util.indexing.FileBasedIndexImpl$FileIndexDataInitialization.a(FileBasedIndexImpl.java:2260)
	at com.intellij.util.indexing.IndexInfrastructure$DataInitialization.b(IndexInfrastructure.java:211)
	at com.intellij.util.indexing.IndexInfrastructure$DataInitialization.a(IndexInfrastructure.java:202)
	at com.intellij.util.indexing.IndexInfrastructure$DataInitialization.call(IndexInfrastructure.java:165)
	at java.util.concurrent.FutureTask.run(FutureTask.java:266)
	at com.intellij.util.concurrency.BoundedTaskExecutor$2.run(BoundedTaskExecutor.java:212)
	at java.util.concurrent.ThreadPoolExecutor.runWorker(ThreadPoolExecutor.java:1142)
	at java.util.concurrent.ThreadPoolExecutor$Worker.run(ThreadPoolExecutor.java:617)
	at java.lang.Thread.run(Thread.java:745)
2017-04-23 20:46:57,892 [  12001]   INFO - .openapi.application.Preloader - Finished preloading com.intellij.openapi.actionSystem.impl.ActionPreloader@315fc8ff 
2017-04-23 20:46:59,374 [  13483]   INFO - ij.psi.stubs.StubUpdatingIndex - Following new file types will be indexed:ActionScript,JavaScript,CSS,ECMAScript 6,JSX Harmony,XML,Flow,SCSS,CLASS,Properties,Groovy,Less,AspectJ,JSP,TypeScript JSX,JAVA,Sass,spring.factories,HTML,SQL,TypeScript 
2017-04-23 20:46:59,462 [  13571]   INFO - il.indexing.FileBasedIndexImpl - Version has changed for index fileIncludes. The index will be rebuilt. 
2017-04-23 20:47:00,184 [  14293]   INFO - CompilerWorkspaceConfiguration - Available processors: 4 
2017-04-23 20:47:00,614 [  14723]   INFO - il.indexing.FileBasedIndexImpl - Version has changed for index DomFileIndex. The index will be rebuilt. 
2017-04-23 20:47:01,369 [  15478]   INFO - .openapi.application.Preloader - Finished preloading com.intellij.ide.ui.search.SearchableOptionPreloader@b2c9ed1 
2017-04-23 20:47:01,612 [  15721]   INFO - il.indexing.FileBasedIndexImpl - Version has changed for index CssIndex. The index will be rebuilt. 
2017-04-23 20:47:01,945 [  16054]   INFO - .openapi.application.Preloader - Finished preloading com.intellij.codeInsight.completion.CompletionPreloader@4987ba43 
2017-04-23 20:47:02,088 [  16197]   INFO - il.indexing.FileBasedIndexImpl - Version has changed for index css.template.selectors. The index will be rebuilt. 
2017-04-23 20:47:02,904 [  17013]   INFO - ellij.project.impl.ProjectImpl - 151 project components initialized in 6568 ms 
2017-04-23 20:47:02,962 [  17071]   INFO - il.indexing.FileBasedIndexImpl - Dropping indices:FtlFileIndex,FlexXmlBackedImplementedInterfacesIndex,org.jetbrains.kotlin.idea.versions.KotlinMetadataVersionIndex,org.jetbrains.kotlin.idea.vfilefinder.KotlinJavaScriptMetaFileIndex,FlexXmlBackedSuperClassesIndex,js.style.index,FlexXmlBackedMembersIndex,org.jetbrains.kotlin.idea.vfilefinder.KotlinClassFileIndex,VtlFileIndex,org.jetbrains.kotlin.idea.vfilefinder.KotlinMetadataFilePackageIndex,GspIncludeIndex,org.jetbrains.kotlin.idea.vfilefinder.KotlinModuleMappingIndex,org.jetbrains.kotlin.idea.vfilefinder.KotlinMetadataFileIndex,org.jetbrains.kotlin.idea.versions.KotlinJavaScriptAbiVersionIndex 
2017-04-23 20:47:04,040 [  18149]   INFO - pl$FileIndexDataInitialization - Initialization done:10913 
2017-04-23 20:47:04,398 [  18507]   INFO - le.impl.ModuleManagerComponent - 22 module(s) loaded in 1493 ms 
2017-04-23 20:47:04,912 [  19021]   WARN - om.intellij.util.ProfilingUtil - Profiling agent is not enabled. Add -agentlib:yjpagent to idea.vmoptions if necessary to profile IDEA. 
2017-04-23 20:47:07,815 [  21924]   INFO - .diagnostic.PerformanceWatcher - Pushing properties took 887ms; general responsiveness: ok; EDT responsiveness: ok 
2017-04-23 20:47:11,183 [  25292]   INFO - tartup.impl.StartupManagerImpl - OpenFilesActivity run in 4345 
2017-04-23 20:47:11,499 [  25608]   INFO - tartup.impl.StartupManagerImpl - InitToolWindowsActivity run in 315 
2017-04-23 20:47:11,997 [  26106]   INFO - tartup.impl.StartupManagerImpl - JsbtStartupActivity run in 483 
2017-04-23 20:47:13,823 [  27932]   INFO - tartup.impl.StartupManagerImpl - F:/zbcm_workspace/zb-server/.idea case-sensitivity: expected=false actual=false 
2017-04-23 20:47:14,801 [  28910]   INFO - tor.impl.FileEditorManagerImpl - Project opening took 19379 ms 
2017-04-23 20:47:24,031 [  38140]   INFO - tellij.psi.stubs.StubIndexImpl - Dropping indices:org.jetbrains.kotlin.idea.stubindex.KotlinSuperClassIndex,org.jetbrains.kotlin.idea.stubindex.KotlinProbablyNothingPropertyShortNameIndex,org.jetbrains.kotlin.idea.stubindex.KotlinTopLevelExtensionsByReceiverTypeIndex,org.jetbrains.kotlin.idea.stubindex.KotlinTopLevelTypeAliasFqNameIndex,cfml.inheritors.shortName,org.jetbrains.kotlin.idea.stubindex.KotlinTopLevelFunctionFqnNameIndex,org.jetbrains.kotlin.idea.stubindex.KotlinTopLevelPropertyFqnNameIndex,org.jetbrains.kotlin.idea.stubindex.KotlinPropertyShortNameIndex,org.jetbrains.kotlin.idea.stubindex.KotlinTypeAliasShortNameIndex,org.jetbrains.kotlin.idea.stubindex.KotlinTopLevelTypeAliasByPackageIndex,org.jetbrains.kotlin.idea.stubindex.KotlinFileFacadeShortNameIndex,org.jetbrains.kotlin.idea.stubindex.KotlinFullClassNameIndex,org.jetbrains.kotlin.idea.stubindex.KotlinTypeAliasByExpansionShortNameIndex,cfml.component.shortName,Stylus.mixins,org.jetbrains.kotlin.idea.stubindex.KotlinTopLevelClassByPackageIndex,org.jetbrains.kotlin.idea.stubindex.KotlinScriptFqnIndex,org.jetbrains.kotlin.idea.stubindex.KotlinFileFacadeFqNameIndex,org.jetbrains.kotlin.idea.stubindex.KotlinTopLevelFunctionByPackageIndex,org.jetbrains.kotlin.idea.stubindex.KotlinFilePartClassIndex,org.jetbrains.kotlin.idea.stubindex.KotlinFunctionShortNameIndex,org.jetbrains.kotlin.idea.stubindex.KotlinMultifileClassPartIndex,org.jetbrains.kotlin.idea.stubindex.KotlinFileFacadeClassByPackageIndex,cfml.interface.shortName,org.jetbrains.kotlin.idea.stubindex.KotlinTopLevelPropertyByPackageIndex,org.jetbrains.kotlin.idea.stubindex.KotlinAnnotationsIndex,org.jetbrains.kotlin.idea.stubindex.KotlinClassShortNameIndex,Stylus.variables,org.jetbrains.kotlin.idea.stubindex.KotlinProbablyNothingFunctionShortNameIndex,org.jetbrains.kotlin.idea.stubindex.KotlinExactPackagesIndex 
2017-04-23 20:47:24,263 [  38372]   INFO - exImpl$StubIndexInitialization - Initialization done:20222 
2017-04-23 20:47:30,878 [  44987]   INFO - .diagnostic.PerformanceWatcher - Indexable file iteration took 23061ms; general responsiveness: ok; EDT responsiveness: 5/23 sluggish, 1/23 very slow 
2017-04-23 20:47:30,956 [  45065]   INFO - indexing.UnindexedFilesUpdater - Unindexed files update started: 130545 files to update 
2017-04-23 20:50:28,766 [ 222875]   INFO - .diagnostic.PerformanceWatcher - Unindexed files update took 177810ms; general responsiveness: 15/172 sluggish, 1/172 very slow; EDT responsiveness: 12/172 sluggish, 6/172 very slow 
2017-04-23 20:50:33,673 [ 227782]   INFO - ution.rmi.RemoteProcessSupport - "D:\JetBrains\IntelliJ IDEA 2017.1.1\jre64\bin\java" -Djava.awt.headless=true -Didea.version==2017.1.1 -Xmx768m -Didea.maven.embedder.version=3.3.9 -Dfile.encoding=GBK -classpath "D:/JetBrains/IntelliJ IDEA 2017.1.1/lib/resources_en.jar;D:\JetBrains\IntelliJ IDEA 2017.1.1\lib\log4j.jar;D:\JetBrains\IntelliJ IDEA 2017.1.1\lib\resources_en.jar;D:\JetBrains\IntelliJ IDEA 2017.1.1\lib\oromatcher.jar;D:\JetBrains\IntelliJ IDEA 2017.1.1\lib\jdom.jar;D:\JetBrains\IntelliJ IDEA 2017.1.1\lib\jna-platform.jar;D:\JetBrains\IntelliJ IDEA 2017.1.1\lib\jna.jar;D:\JetBrains\IntelliJ IDEA 2017.1.1\lib\trove4j.jar;D:\JetBrains\IntelliJ IDEA 2017.1.1\lib\util.jar;D:\JetBrains\IntelliJ IDEA 2017.1.1\lib\snappy-in-java-0.5.1.jar;D:\JetBrains\IntelliJ IDEA 2017.1.1\lib\annotations.jar;D:\JetBrains\IntelliJ IDEA 2017.1.1\plugins\maven\lib\lucene-core-2.4.1.jar;D:\JetBrains\IntelliJ IDEA 2017.1.1\plugins\maven\lib\maven-server-api.jar;D:\JetBrains\IntelliJ IDEA 2017.1.1\plugins\maven\lib\maven3-server-common.jar;D:\JetBrains\IntelliJ IDEA 2017.1.1\plugins\maven\lib\maven3-server-lib\archetype-catalog-2.2.jar;D:\JetBrains\IntelliJ IDEA 2017.1.1\plugins\maven\lib\maven3-server-lib\archetype-common-2.2.jar;D:\JetBrains\IntelliJ IDEA 2017.1.1\plugins\maven\lib\maven3-server-lib\maven-dependency-tree-1.2.jar;D:\JetBrains\IntelliJ IDEA 2017.1.1\plugins\maven\lib\maven3-server-lib\nexus-indexer-3.0.4.jar;D:\JetBrains\IntelliJ IDEA 2017.1.1\plugins\maven\lib\maven3-server-lib\nexus-indexer-artifact-1.0.1.jar;D:\JetBrains\IntelliJ IDEA 2017.1.1\plugins\maven\lib\maven3-server-impl.jar;D:\JetBrains\IntelliJ IDEA 2017.1.1\plugins\maven\lib\maven3\lib\aether-api-1.0.2.v20150114.jar;D:\JetBrains\IntelliJ IDEA 2017.1.1\plugins\maven\lib\maven3\lib\aether-connector-basic-1.0.2.v20150114.jar;D:\JetBrains\IntelliJ IDEA 2017.1.1\plugins\maven\lib\maven3\lib\aether-impl-1.0.2.v20150114.jar;D:\JetBrains\IntelliJ IDEA 2017.1.1\plugins\maven\lib\maven3\lib\aether-spi-1.0.2.v20150114.jar;D:\JetBrains\IntelliJ IDEA 2017.1.1\plugins\maven\lib\maven3\lib\aether-transport-wagon-1.0.2.v20150114.jar;D:\JetBrains\IntelliJ IDEA 2017.1.1\plugins\maven\lib\maven3\lib\aether-util-1.0.2.v20150114.jar;D:\JetBrains\IntelliJ IDEA 2017.1.1\plugins\maven\lib\maven3\lib\aopalliance-1.0.jar;D:\JetBrains\IntelliJ IDEA 2017.1.1\plugins\maven\lib\maven3\lib\cdi-api-1.0.jar;D:\JetBrains\IntelliJ IDEA 2017.1.1\plugins\maven\lib\maven3\lib\commons-cli-1.2.jar;D:\JetBrains\IntelliJ IDEA 2017.1.1\plugins\maven\lib\maven3\lib\commons-io-2.2.jar;D:\JetBrains\IntelliJ IDEA 2017.1.1\plugins\maven\lib\maven3\lib\commons-lang-2.6.jar;D:\JetBrains\IntelliJ IDEA 2017.1.1\plugins\maven\lib\maven3\lib\commons-lang3-3.4.jar;D:\JetBrains\IntelliJ IDEA 2017.1.1\plugins\maven\lib\maven3\lib\guava-18.0.jar;D:\JetBrains\IntelliJ IDEA 2017.1.1\plugins\maven\lib\maven3\lib\guice-4.0-no_aop.jar;D:\JetBrains\IntelliJ IDEA 2017.1.1\plugins\maven\lib\maven3\lib\javax.inject-1.jar;D:\JetBrains\IntelliJ IDEA 2017.1.1\plugins\maven\lib\maven3\lib\jsoup-1.7.2.jar;D:\JetBrains\IntelliJ IDEA 2017.1.1\plugins\maven\lib\maven3\lib\jsr250-api-1.0.jar;D:\JetBrains\IntelliJ IDEA 2017.1.1\plugins\maven\lib\maven3\lib\maven-aether-provider-3.3.9.jar;D:\JetBrains\IntelliJ IDEA 2017.1.1\plugins\maven\lib\maven3\lib\maven-artifact-3.3.9.jar;D:\JetBrains\IntelliJ IDEA 2017.1.1\plugins\maven\lib\maven3\lib\maven-builder-support-3.3.9.jar;D:\JetBrains\IntelliJ IDEA 2017.1.1\plugins\maven\lib\maven3\lib\maven-compat-3.3.9.jar;D:\JetBrains\IntelliJ IDEA 2017.1.1\plugins\maven\lib\maven3\lib\maven-core-3.3.9.jar;D:\JetBrains\IntelliJ IDEA 2017.1.1\plugins\maven\lib\maven3\lib\maven-embedder-3.3.9.jar;D:\JetBrains\IntelliJ IDEA 2017.1.1\plugins\maven\lib\maven3\lib\maven-model-3.3.9.jar;D:\JetBrains\IntelliJ IDEA 2017.1.1\plugins\maven\lib\maven3\lib\maven-model-builder-3.3.9.jar;D:\JetBrains\IntelliJ IDEA 2017.1.1\plugins\maven\lib\maven3\lib\maven-plugin-api-3.3.9.jar;D:\JetBrains\IntelliJ IDEA 2017.1.1\plugins\maven\lib\maven3\lib\maven-repository-metadata-3.3.9.jar;D:\JetBrains\IntelliJ IDEA 2017.1.1\plugins\maven\lib\maven3\lib\maven-settings-3.3.9.jar;D:\JetBrains\IntelliJ IDEA 2017.1.1\plugins\maven\lib\maven3\lib\maven-settings-builder-3.3.9.jar;D:\JetBrains\IntelliJ IDEA 2017.1.1\plugins\maven\lib\maven3\lib\org.eclipse.sisu.inject-0.3.2.jar;D:\JetBrains\IntelliJ IDEA 2017.1.1\plugins\maven\lib\maven3\lib\org.eclipse.sisu.plexus-0.3.2.jar;D:\JetBrains\IntelliJ IDEA 2017.1.1\plugins\maven\lib\maven3\lib\plexus-cipher-1.7.jar;D:\JetBrains\IntelliJ IDEA 2017.1.1\plugins\maven\lib\maven3\lib\plexus-component-annotations-1.6.jar;D:\JetBrains\IntelliJ IDEA 2017.1.1\plugins\maven\lib\maven3\lib\plexus-interpolation-1.21.jar;D:\JetBrains\IntelliJ IDEA 2017.1.1\plugins\maven\lib\maven3\lib\plexus-sec-dispatcher-1.3.jar;D:\JetBrains\IntelliJ IDEA 2017.1.1\plugins\maven\lib\maven3\lib\plexus-utils-3.0.22.jar;D:\JetBrains\IntelliJ IDEA 2017.1.1\plugins\maven\lib\maven3\lib\slf4j-api-1.7.5.jar;D:\JetBrains\IntelliJ IDEA 2017.1.1\plugins\maven\lib\maven3\lib\slf4j-simple-1.7.5.jar;D:\JetBrains\IntelliJ IDEA 2017.1.1\plugins\maven\lib\maven3\lib\wagon-file-2.10.jar;D:\JetBrains\IntelliJ IDEA 2017.1.1\plugins\maven\lib\maven3\lib\wagon-http-2.10-shaded.jar;D:\JetBrains\IntelliJ IDEA 2017.1.1\plugins\maven\lib\maven3\lib\wagon-http-shared-2.10.jar;D:\JetBrains\IntelliJ IDEA 2017.1.1\plugins\maven\lib\maven3\lib\wagon-provider-api-2.10.jar;D:\JetBrains\IntelliJ IDEA 2017.1.1\plugins\maven\lib\maven3\boot\plexus-classworlds-2.5.2.jar" org.jetbrains.idea.maven.server.RemoteMavenServer 
2017-04-23 20:50:34,967 [ 229076]   INFO - ution.rmi.RemoteProcessSupport - Port/ID: 26001/Maven3ServerImpl69600f01 
2017-04-23 20:50:52,564 [ 246673]   INFO - ellij.project.impl.ProjectImpl - 22 project components initialized in 1056 ms 
